<?xml version="1.0" encoding="UTF-8"?>
<!-- Generated by org.testng.reporters.JUnitXMLReporter -->
<testsuite ignored="0" hostname="DESKTOP-H1GBL1H" failures="0" tests="10" name="smoke" time="194.755" errors="0" timestamp="2021-08-16T17:13:47 IST">
  <testcase classname="Tests.CategoryListTests" name="ValidateSNOcolumninAscendingorderJJA_12" time="5.662"/>
  <testcase classname="Tests.CategoryListTests" name="ValidatecategorytitleimageiconunderimagecolumnJJA_37" time="17.464"/>
  <testcase classname="Tests.CategoryListTests" name="ValidatedetailsunderdetailscolumnincategorypageJJA_35" time="18.864"/>
  <testcase classname="Tests.CategoryListTests" name="ValidateeditanddeleteiconinActioncolumnJJA_55" time="31.889"/>
  <testcase classname="Tests.CategoryListTests" name="ValidatestatusincategorylistpageJJA_39" time="16.95"/>
  <testcase classname="Tests.CategoryListTests" name="ValidatetitleinnotificationpanelofcategorypageJJA_47" time="3.103"/>
  <testcase classname="Tests.CategoryListTests" name="ValidatetitleundertitlecolumnincategorypageJJA_26" time="25.52"/>
  <testcase classname="Tests.CategoryListTests" name="validatecategorylistcolumnnamesincategorypageJJA_11" time="4.323"/>
  <testcase classname="Tests.CategoryListTests" name="validatecategorylistpageJJA_10" time="5.666"/>
  <testcase classname="Tests.CategoryListTests" name="validateupdateddateformatincategorypageJJA_36" time="20.959"/>
</testsuite> <!-- smoke -->
