<?xml version="1.0" encoding="UTF-8"?>
<testng-results ignored="0" total="10" passed="10" failed="0" skipped="0">
  <reporter-output>
  </reporter-output>
  <suite started-at="2021-08-16T17:10:32 IST" name="SmokeSuite" finished-at="2021-08-16T17:13:47 IST" duration-ms="194755">
    <groups>
    </groups>
    <test started-at="2021-08-16T17:10:32 IST" name="smoke" finished-at="2021-08-16T17:13:47 IST" duration-ms="194755">
      <class name="Tests.CategoryListTests">
        <test-method is-config="true" signature="beforesuite(java.lang.String,java.lang.String)[pri:0, instance:Tests.CategoryListTests@67f639d3]" started-at="2021-08-16T17:10:32 IST" name="beforesuite" finished-at="2021-08-16T17:10:32 IST" duration-ms="135" status="PASS">
          <params>
            <param index="0">
              <value>
                <![CDATA[chrome]]>
              </value>
            </param>
            <param index="1">
              <value>
                <![CDATA[Dev]]>
              </value>
            </param>
          </params>
          <reporter-output>
          </reporter-output>
        </test-method> <!-- beforesuite -->
        <test-method is-config="true" signature="Launchapplication(java.lang.reflect.Method,java.lang.String,java.lang.String)[pri:0, instance:Tests.CategoryListTests@67f639d3]" started-at="2021-08-16T17:10:32 IST" name="Launchapplication" finished-at="2021-08-16T17:10:37 IST" duration-ms="4258" status="PASS">
          <params>
            <param index="0">
              <value>
                <![CDATA[public void Tests.CategoryListTests.ValidateSNOcolumninAscendingorderJJA_12()]]>
              </value>
            </param>
            <param index="1">
              <value>
                <![CDATA[chrome]]>
              </value>
            </param>
            <param index="2">
              <value>
                <![CDATA[Dev]]>
              </value>
            </param>
          </params>
          <reporter-output>
          </reporter-output>
        </test-method> <!-- Launchapplication -->
        <test-method signature="ValidateSNOcolumninAscendingorderJJA_12()[pri:0, instance:Tests.CategoryListTests@67f639d3]" started-at="2021-08-16T17:10:37 IST" name="ValidateSNOcolumninAscendingorderJJA_12" finished-at="2021-08-16T17:10:42 IST" duration-ms="5662" status="PASS">
          <reporter-output>
          </reporter-output>
        </test-method> <!-- ValidateSNOcolumninAscendingorderJJA_12 -->
        <test-method is-config="true" signature="aftermethod(org.testng.ITestResult)[pri:0, instance:Tests.CategoryListTests@67f639d3]" started-at="2021-08-16T17:10:42 IST" name="aftermethod" finished-at="2021-08-16T17:10:43 IST" duration-ms="952" status="PASS">
          <params>
            <param index="0">
              <value>
                <![CDATA[[TestResult name=ValidateSNOcolumninAscendingorderJJA_12 status=SUCCESS method=CategoryListTests.ValidateSNOcolumninAscendingorderJJA_12()[pri:0, instance:Tests.CategoryListTests@67f639d3] output={null}]]]>
              </value>
            </param>
          </params>
          <reporter-output>
          </reporter-output>
        </test-method> <!-- aftermethod -->
        <test-method is-config="true" signature="Launchapplication(java.lang.reflect.Method,java.lang.String,java.lang.String)[pri:0, instance:Tests.CategoryListTests@67f639d3]" started-at="2021-08-16T17:10:43 IST" name="Launchapplication" finished-at="2021-08-16T17:10:46 IST" duration-ms="3229" status="PASS">
          <params>
            <param index="0">
              <value>
                <![CDATA[public void Tests.CategoryListTests.ValidatecategorytitleimageiconunderimagecolumnJJA_37()]]>
              </value>
            </param>
            <param index="1">
              <value>
                <![CDATA[chrome]]>
              </value>
            </param>
            <param index="2">
              <value>
                <![CDATA[Dev]]>
              </value>
            </param>
          </params>
          <reporter-output>
          </reporter-output>
        </test-method> <!-- Launchapplication -->
        <test-method signature="ValidatecategorytitleimageiconunderimagecolumnJJA_37()[pri:0, instance:Tests.CategoryListTests@67f639d3]" started-at="2021-08-16T17:10:46 IST" name="ValidatecategorytitleimageiconunderimagecolumnJJA_37" finished-at="2021-08-16T17:11:04 IST" duration-ms="17464" status="PASS">
          <reporter-output>
          </reporter-output>
        </test-method> <!-- ValidatecategorytitleimageiconunderimagecolumnJJA_37 -->
        <test-method is-config="true" signature="aftermethod(org.testng.ITestResult)[pri:0, instance:Tests.CategoryListTests@67f639d3]" started-at="2021-08-16T17:11:04 IST" name="aftermethod" finished-at="2021-08-16T17:11:05 IST" duration-ms="883" status="PASS">
          <params>
            <param index="0">
              <value>
                <![CDATA[[TestResult name=ValidatecategorytitleimageiconunderimagecolumnJJA_37 status=SUCCESS method=CategoryListTests.ValidatecategorytitleimageiconunderimagecolumnJJA_37()[pri:0, instance:Tests.CategoryListTests@67f639d3] output={null}]]]>
              </value>
            </param>
          </params>
          <reporter-output>
          </reporter-output>
        </test-method> <!-- aftermethod -->
        <test-method is-config="true" signature="Launchapplication(java.lang.reflect.Method,java.lang.String,java.lang.String)[pri:0, instance:Tests.CategoryListTests@67f639d3]" started-at="2021-08-16T17:11:05 IST" name="Launchapplication" finished-at="2021-08-16T17:11:08 IST" duration-ms="3550" status="PASS">
          <params>
            <param index="0">
              <value>
                <![CDATA[public void Tests.CategoryListTests.ValidatedetailsunderdetailscolumnincategorypageJJA_35()]]>
              </value>
            </param>
            <param index="1">
              <value>
                <![CDATA[chrome]]>
              </value>
            </param>
            <param index="2">
              <value>
                <![CDATA[Dev]]>
              </value>
            </param>
          </params>
          <reporter-output>
          </reporter-output>
        </test-method> <!-- Launchapplication -->
        <test-method signature="ValidatedetailsunderdetailscolumnincategorypageJJA_35()[pri:0, instance:Tests.CategoryListTests@67f639d3]" started-at="2021-08-16T17:11:08 IST" name="ValidatedetailsunderdetailscolumnincategorypageJJA_35" finished-at="2021-08-16T17:11:27 IST" duration-ms="18864" status="PASS">
          <reporter-output>
          </reporter-output>
        </test-method> <!-- ValidatedetailsunderdetailscolumnincategorypageJJA_35 -->
        <test-method is-config="true" signature="aftermethod(org.testng.ITestResult)[pri:0, instance:Tests.CategoryListTests@67f639d3]" started-at="2021-08-16T17:11:27 IST" name="aftermethod" finished-at="2021-08-16T17:11:28 IST" duration-ms="1006" status="PASS">
          <params>
            <param index="0">
              <value>
                <![CDATA[[TestResult name=ValidatedetailsunderdetailscolumnincategorypageJJA_35 status=SUCCESS method=CategoryListTests.ValidatedetailsunderdetailscolumnincategorypageJJA_35()[pri:0, instance:Tests.CategoryListTests@67f639d3] output={null}]]]>
              </value>
            </param>
          </params>
          <reporter-output>
          </reporter-output>
        </test-method> <!-- aftermethod -->
        <test-method is-config="true" signature="Launchapplication(java.lang.reflect.Method,java.lang.String,java.lang.String)[pri:0, instance:Tests.CategoryListTests@67f639d3]" started-at="2021-08-16T17:11:28 IST" name="Launchapplication" finished-at="2021-08-16T17:11:31 IST" duration-ms="3184" status="PASS">
          <params>
            <param index="0">
              <value>
                <![CDATA[public void Tests.CategoryListTests.ValidateeditanddeleteiconinActioncolumnJJA_55()]]>
              </value>
            </param>
            <param index="1">
              <value>
                <![CDATA[chrome]]>
              </value>
            </param>
            <param index="2">
              <value>
                <![CDATA[Dev]]>
              </value>
            </param>
          </params>
          <reporter-output>
          </reporter-output>
        </test-method> <!-- Launchapplication -->
        <test-method signature="ValidateeditanddeleteiconinActioncolumnJJA_55()[pri:0, instance:Tests.CategoryListTests@67f639d3]" started-at="2021-08-16T17:11:31 IST" name="ValidateeditanddeleteiconinActioncolumnJJA_55" finished-at="2021-08-16T17:12:03 IST" duration-ms="31889" status="PASS">
          <reporter-output>
          </reporter-output>
        </test-method> <!-- ValidateeditanddeleteiconinActioncolumnJJA_55 -->
        <test-method is-config="true" signature="aftermethod(org.testng.ITestResult)[pri:0, instance:Tests.CategoryListTests@67f639d3]" started-at="2021-08-16T17:12:03 IST" name="aftermethod" finished-at="2021-08-16T17:12:04 IST" duration-ms="998" status="PASS">
          <params>
            <param index="0">
              <value>
                <![CDATA[[TestResult name=ValidateeditanddeleteiconinActioncolumnJJA_55 status=SUCCESS method=CategoryListTests.ValidateeditanddeleteiconinActioncolumnJJA_55()[pri:0, instance:Tests.CategoryListTests@67f639d3] output={null}]]]>
              </value>
            </param>
          </params>
          <reporter-output>
          </reporter-output>
        </test-method> <!-- aftermethod -->
        <test-method is-config="true" signature="Launchapplication(java.lang.reflect.Method,java.lang.String,java.lang.String)[pri:0, instance:Tests.CategoryListTests@67f639d3]" started-at="2021-08-16T17:12:04 IST" name="Launchapplication" finished-at="2021-08-16T17:12:08 IST" duration-ms="3484" status="PASS">
          <params>
            <param index="0">
              <value>
                <![CDATA[public void Tests.CategoryListTests.ValidatestatusincategorylistpageJJA_39()]]>
              </value>
            </param>
            <param index="1">
              <value>
                <![CDATA[chrome]]>
              </value>
            </param>
            <param index="2">
              <value>
                <![CDATA[Dev]]>
              </value>
            </param>
          </params>
          <reporter-output>
          </reporter-output>
        </test-method> <!-- Launchapplication -->
        <test-method signature="ValidatestatusincategorylistpageJJA_39()[pri:0, instance:Tests.CategoryListTests@67f639d3]" started-at="2021-08-16T17:12:08 IST" name="ValidatestatusincategorylistpageJJA_39" finished-at="2021-08-16T17:12:25 IST" duration-ms="16950" status="PASS">
          <reporter-output>
          </reporter-output>
        </test-method> <!-- ValidatestatusincategorylistpageJJA_39 -->
        <test-method is-config="true" signature="aftermethod(org.testng.ITestResult)[pri:0, instance:Tests.CategoryListTests@67f639d3]" started-at="2021-08-16T17:12:25 IST" name="aftermethod" finished-at="2021-08-16T17:12:26 IST" duration-ms="977" status="PASS">
          <params>
            <param index="0">
              <value>
                <![CDATA[[TestResult name=ValidatestatusincategorylistpageJJA_39 status=SUCCESS method=CategoryListTests.ValidatestatusincategorylistpageJJA_39()[pri:0, instance:Tests.CategoryListTests@67f639d3] output={null}]]]>
              </value>
            </param>
          </params>
          <reporter-output>
          </reporter-output>
        </test-method> <!-- aftermethod -->
        <test-method is-config="true" signature="Launchapplication(java.lang.reflect.Method,java.lang.String,java.lang.String)[pri:0, instance:Tests.CategoryListTests@67f639d3]" started-at="2021-08-16T17:12:26 IST" name="Launchapplication" finished-at="2021-08-16T17:12:29 IST" duration-ms="3437" status="PASS">
          <params>
            <param index="0">
              <value>
                <![CDATA[public void Tests.CategoryListTests.ValidatetitleinnotificationpanelofcategorypageJJA_47()]]>
              </value>
            </param>
            <param index="1">
              <value>
                <![CDATA[chrome]]>
              </value>
            </param>
            <param index="2">
              <value>
                <![CDATA[Dev]]>
              </value>
            </param>
          </params>
          <reporter-output>
          </reporter-output>
        </test-method> <!-- Launchapplication -->
        <test-method signature="ValidatetitleinnotificationpanelofcategorypageJJA_47()[pri:0, instance:Tests.CategoryListTests@67f639d3]" started-at="2021-08-16T17:12:29 IST" name="ValidatetitleinnotificationpanelofcategorypageJJA_47" finished-at="2021-08-16T17:12:32 IST" duration-ms="3103" status="PASS">
          <reporter-output>
          </reporter-output>
        </test-method> <!-- ValidatetitleinnotificationpanelofcategorypageJJA_47 -->
        <test-method is-config="true" signature="aftermethod(org.testng.ITestResult)[pri:0, instance:Tests.CategoryListTests@67f639d3]" started-at="2021-08-16T17:12:32 IST" name="aftermethod" finished-at="2021-08-16T17:12:33 IST" duration-ms="906" status="PASS">
          <params>
            <param index="0">
              <value>
                <![CDATA[[TestResult name=ValidatetitleinnotificationpanelofcategorypageJJA_47 status=SUCCESS method=CategoryListTests.ValidatetitleinnotificationpanelofcategorypageJJA_47()[pri:0, instance:Tests.CategoryListTests@67f639d3] output={null}]]]>
              </value>
            </param>
          </params>
          <reporter-output>
          </reporter-output>
        </test-method> <!-- aftermethod -->
        <test-method is-config="true" signature="Launchapplication(java.lang.reflect.Method,java.lang.String,java.lang.String)[pri:0, instance:Tests.CategoryListTests@67f639d3]" started-at="2021-08-16T17:12:33 IST" name="Launchapplication" finished-at="2021-08-16T17:12:37 IST" duration-ms="3340" status="PASS">
          <params>
            <param index="0">
              <value>
                <![CDATA[public void Tests.CategoryListTests.ValidatetitleundertitlecolumnincategorypageJJA_26()]]>
              </value>
            </param>
            <param index="1">
              <value>
                <![CDATA[chrome]]>
              </value>
            </param>
            <param index="2">
              <value>
                <![CDATA[Dev]]>
              </value>
            </param>
          </params>
          <reporter-output>
          </reporter-output>
        </test-method> <!-- Launchapplication -->
        <test-method signature="ValidatetitleundertitlecolumnincategorypageJJA_26()[pri:0, instance:Tests.CategoryListTests@67f639d3]" started-at="2021-08-16T17:12:37 IST" name="ValidatetitleundertitlecolumnincategorypageJJA_26" finished-at="2021-08-16T17:13:02 IST" duration-ms="25520" status="PASS">
          <reporter-output>
          </reporter-output>
        </test-method> <!-- ValidatetitleundertitlecolumnincategorypageJJA_26 -->
        <test-method is-config="true" signature="aftermethod(org.testng.ITestResult)[pri:0, instance:Tests.CategoryListTests@67f639d3]" started-at="2021-08-16T17:13:02 IST" name="aftermethod" finished-at="2021-08-16T17:13:03 IST" duration-ms="996" status="PASS">
          <params>
            <param index="0">
              <value>
                <![CDATA[[TestResult name=ValidatetitleundertitlecolumnincategorypageJJA_26 status=SUCCESS method=CategoryListTests.ValidatetitleundertitlecolumnincategorypageJJA_26()[pri:0, instance:Tests.CategoryListTests@67f639d3] output={null}]]]>
              </value>
            </param>
          </params>
          <reporter-output>
          </reporter-output>
        </test-method> <!-- aftermethod -->
        <test-method is-config="true" signature="Launchapplication(java.lang.reflect.Method,java.lang.String,java.lang.String)[pri:0, instance:Tests.CategoryListTests@67f639d3]" started-at="2021-08-16T17:13:03 IST" name="Launchapplication" finished-at="2021-08-16T17:13:06 IST" duration-ms="3242" status="PASS">
          <params>
            <param index="0">
              <value>
                <![CDATA[public void Tests.CategoryListTests.validatecategorylistcolumnnamesincategorypageJJA_11()]]>
              </value>
            </param>
            <param index="1">
              <value>
                <![CDATA[chrome]]>
              </value>
            </param>
            <param index="2">
              <value>
                <![CDATA[Dev]]>
              </value>
            </param>
          </params>
          <reporter-output>
          </reporter-output>
        </test-method> <!-- Launchapplication -->
        <test-method signature="validatecategorylistcolumnnamesincategorypageJJA_11()[pri:0, instance:Tests.CategoryListTests@67f639d3]" started-at="2021-08-16T17:13:06 IST" name="validatecategorylistcolumnnamesincategorypageJJA_11" finished-at="2021-08-16T17:13:11 IST" duration-ms="4323" status="PASS">
          <reporter-output>
          </reporter-output>
        </test-method> <!-- validatecategorylistcolumnnamesincategorypageJJA_11 -->
        <test-method is-config="true" signature="aftermethod(org.testng.ITestResult)[pri:0, instance:Tests.CategoryListTests@67f639d3]" started-at="2021-08-16T17:13:11 IST" name="aftermethod" finished-at="2021-08-16T17:13:12 IST" duration-ms="1039" status="PASS">
          <params>
            <param index="0">
              <value>
                <![CDATA[[TestResult name=validatecategorylistcolumnnamesincategorypageJJA_11 status=SUCCESS method=CategoryListTests.validatecategorylistcolumnnamesincategorypageJJA_11()[pri:0, instance:Tests.CategoryListTests@67f639d3] output={null}]]]>
              </value>
            </param>
          </params>
          <reporter-output>
          </reporter-output>
        </test-method> <!-- aftermethod -->
        <test-method is-config="true" signature="Launchapplication(java.lang.reflect.Method,java.lang.String,java.lang.String)[pri:0, instance:Tests.CategoryListTests@67f639d3]" started-at="2021-08-16T17:13:12 IST" name="Launchapplication" finished-at="2021-08-16T17:13:15 IST" duration-ms="3275" status="PASS">
          <params>
            <param index="0">
              <value>
                <![CDATA[public void Tests.CategoryListTests.validatecategorylistpageJJA_10()]]>
              </value>
            </param>
            <param index="1">
              <value>
                <![CDATA[chrome]]>
              </value>
            </param>
            <param index="2">
              <value>
                <![CDATA[Dev]]>
              </value>
            </param>
          </params>
          <reporter-output>
          </reporter-output>
        </test-method> <!-- Launchapplication -->
        <test-method signature="validatecategorylistpageJJA_10()[pri:0, instance:Tests.CategoryListTests@67f639d3]" started-at="2021-08-16T17:13:15 IST" name="validatecategorylistpageJJA_10" finished-at="2021-08-16T17:13:21 IST" duration-ms="5666" status="PASS">
          <reporter-output>
          </reporter-output>
        </test-method> <!-- validatecategorylistpageJJA_10 -->
        <test-method is-config="true" signature="aftermethod(org.testng.ITestResult)[pri:0, instance:Tests.CategoryListTests@67f639d3]" started-at="2021-08-16T17:13:21 IST" name="aftermethod" finished-at="2021-08-16T17:13:21 IST" duration-ms="864" status="PASS">
          <params>
            <param index="0">
              <value>
                <![CDATA[[TestResult name=validatecategorylistpageJJA_10 status=SUCCESS method=CategoryListTests.validatecategorylistpageJJA_10()[pri:0, instance:Tests.CategoryListTests@67f639d3] output={null}]]]>
              </value>
            </param>
          </params>
          <reporter-output>
          </reporter-output>
        </test-method> <!-- aftermethod -->
        <test-method is-config="true" signature="Launchapplication(java.lang.reflect.Method,java.lang.String,java.lang.String)[pri:0, instance:Tests.CategoryListTests@67f639d3]" started-at="2021-08-16T17:13:21 IST" name="Launchapplication" finished-at="2021-08-16T17:13:25 IST" duration-ms="3441" status="PASS">
          <params>
            <param index="0">
              <value>
                <![CDATA[public void Tests.CategoryListTests.validateupdateddateformatincategorypageJJA_36()]]>
              </value>
            </param>
            <param index="1">
              <value>
                <![CDATA[chrome]]>
              </value>
            </param>
            <param index="2">
              <value>
                <![CDATA[Dev]]>
              </value>
            </param>
          </params>
          <reporter-output>
          </reporter-output>
        </test-method> <!-- Launchapplication -->
        <test-method signature="validateupdateddateformatincategorypageJJA_36()[pri:0, instance:Tests.CategoryListTests@67f639d3]" started-at="2021-08-16T17:13:25 IST" name="validateupdateddateformatincategorypageJJA_36" finished-at="2021-08-16T17:13:46 IST" duration-ms="20959" status="PASS">
          <reporter-output>
          </reporter-output>
        </test-method> <!-- validateupdateddateformatincategorypageJJA_36 -->
        <test-method is-config="true" signature="aftermethod(org.testng.ITestResult)[pri:0, instance:Tests.CategoryListTests@67f639d3]" started-at="2021-08-16T17:13:46 IST" name="aftermethod" finished-at="2021-08-16T17:13:47 IST" duration-ms="1233" status="PASS">
          <params>
            <param index="0">
              <value>
                <![CDATA[[TestResult name=validateupdateddateformatincategorypageJJA_36 status=SUCCESS method=CategoryListTests.validateupdateddateformatincategorypageJJA_36()[pri:0, instance:Tests.CategoryListTests@67f639d3] output={null}]]]>
              </value>
            </param>
          </params>
          <reporter-output>
          </reporter-output>
        </test-method> <!-- aftermethod -->
        <test-method is-config="true" signature="aftertest()[pri:0, instance:Tests.CategoryListTests@67f639d3]" started-at="2021-08-16T17:13:47 IST" name="aftertest" finished-at="2021-08-16T17:13:47 IST" duration-ms="1" status="PASS">
          <reporter-output>
          </reporter-output>
        </test-method> <!-- aftertest -->
        <test-method is-config="true" signature="aftersuite()[pri:0, instance:Tests.CategoryListTests@67f639d3]" started-at="2021-08-16T17:13:47 IST" name="aftersuite" finished-at="2021-08-16T17:13:48 IST" duration-ms="610" status="PASS">
          <reporter-output>
          </reporter-output>
        </test-method> <!-- aftersuite -->
      </class> <!-- Tests.CategoryListTests -->
    </test> <!-- smoke -->
  </suite> <!-- SmokeSuite -->
</testng-results>
